2026-02-04 17:08:08 | backend instanciado
2026-02-04 17:08:11 | iniciando backend
2026-02-04 17:08:11 | banco conectado com sucesso
2026-02-04 17:08:11 | rotas registradas
2026-02-04 17:08:11 | tentando iniciar servidor na porta 8000
2026-02-04 17:09:47 | encerrando backend
2026-02-04 17:09:47 | conexao com banco encerrada
2026-02-04 17:09:47 | backend finalizado
2026-02-04 17:10:54 | backend instanciado
2026-02-04 17:10:55 | iniciando backend
2026-02-04 17:10:55 | banco conectado com sucesso
2026-02-04 17:10:55 | rotas registradas
2026-02-04 17:10:55 | tentando iniciar servidor na porta 8000
2026-02-04 17:11:08 | encerrando backend
2026-02-04 17:11:09 | conexao com banco encerrada
2026-02-04 17:11:09 | backend finalizado
2026-02-04 17:20:57 | backend instanciado
2026-02-04 17:20:59 | iniciando backend
2026-02-04 17:21:00 | banco conectado com sucesso
2026-02-04 17:21:00 | rotas registradas
2026-02-04 17:21:00 | tentando iniciar servidor na porta 8000
2026-02-04 17:28:58 | encerrando backend
2026-02-04 17:28:58 | conexao com banco encerrada
2026-02-04 17:28:58 | backend finalizado
